{"level":"info","message":"Server running on port 5000"}
{"level":"info","message":"Connected to MongoDB"}
{"level":"info","message":"Server running on port 5000"}
{"level":"info","message":"Connected to MongoDB"}
{"level":"info","message":"Server running on port 5000"}
{"level":"info","message":"Connected to MongoDB"}
{"level":"info","message":"Server running on port 5000"}
{"level":"info","message":"Connected to MongoDB"}
{"level":"info","message":"Server running on port 5000","timestamp":"2025-01-28T13:08:51.349Z"}
{"level":"info","message":"Connected to MongoDB","timestamp":"2025-01-28T13:08:51.369Z"}
{"level":"info","message":"Server running on port 5000","timestamp":"2025-01-28T13:09:16.427Z"}
{"level":"info","message":"Connected to MongoDB","timestamp":"2025-01-28T13:09:16.445Z"}
{"level":"info","message":"Server running on port 5000","timestamp":"2025-01-28T13:11:42.561Z"}
{"level":"info","message":"Connected to MongoDB","timestamp":"2025-01-28T13:11:42.582Z"}
{"level":"info","message":"Chat processed helo","response":{"intent":"greeting","message":"Welcome! I can provide information about PCOS and help assess your symptoms. What questions do you have?"},"timestamp":"2025-01-28T13:12:27.499Z"}
{"level":"info","message":"Chat processed diet","response":{"intent":"diet","message":"For PCOS management, focus on: whole grains, lean proteins, healthy fats, and lots of vegetables. Limit refined carbohydrates, sugary foods, and processed foods. Consider working with a registered dietitian."},"timestamp":"2025-01-28T13:12:56.836Z"}
{"level":"info","message":"Chat processed diet","response":{"intent":"diet","message":"For PCOS management, focus on: whole grains, lean proteins, healthy fats, and lots of vegetables. Limit refined carbohydrates, sugary foods, and processed foods. Consider working with a registered dietitian."},"timestamp":"2025-01-28T13:12:59.716Z"}
{"level":"info","message":"Chat processed diet","response":{"intent":"diet","message":"For PCOS management, focus on: whole grains, lean proteins, healthy fats, and lots of vegetables. Limit refined carbohydrates, sugary foods, and processed foods. Consider working with a registered dietitian."},"timestamp":"2025-01-28T13:13:03.350Z"}
{"level":"info","message":"Chat processed hello","response":{"intent":"greeting","message":"Welcome! I can provide information about PCOS and help assess your symptoms. What questions do you have?"},"timestamp":"2025-01-28T13:13:31.035Z"}
{"level":"info","message":"Chat processed what is pcos","response":{"intent":"pcos_definition","message":"PCOS is a complex hormonal condition that affects about 1 in 10 women. It can impact various aspects of health, including fertility, metabolism, and appearance."},"timestamp":"2025-01-28T13:13:37.610Z"}
{"level":"info","message":"Chat processed what is pcos","response":{"intent":"pcos_definition","message":"PCOS is a complex hormonal condition that affects about 1 in 10 women. It can impact various aspects of health, including fertility, metabolism, and appearance."},"timestamp":"2025-01-28T13:13:40.507Z"}
{"level":"info","message":"Chat processed what is pcos","response":{"intent":"pcos_definition","message":"PCOS is a complex hormonal condition that affects about 1 in 10 women. It can impact various aspects of health, including fertility, metabolism, and appearance."},"timestamp":"2025-01-28T13:13:42.673Z"}
{"level":"info","message":"Chat processed what are pcos symptoms","response":{"intent":"symptoms","message":"PCOS symptoms can vary but often include menstrual irregularities, fertility problems, excess hair growth, acne, and metabolic issues like insulin resistance."},"timestamp":"2025-01-28T13:13:48.435Z"}
{"level":"info","message":"Chat processed what are pcos symptoms","response":{"intent":"symptoms","message":"Key signs of PCOS may include missed or irregular periods, excess androgens leading to acne and hair growth, weight management issues, and insulin resistance."},"timestamp":"2025-01-28T13:13:51.128Z"}
{"level":"info","message":"Chat processed what are pcos symptoms","response":{"intent":"symptoms","message":"Key signs of PCOS may include missed or irregular periods, excess androgens leading to acne and hair growth, weight management issues, and insulin resistance."},"timestamp":"2025-01-28T13:13:54.951Z"}
{"level":"info","message":"Chat processed what are pcos symptoms","response":{"intent":"symptoms","message":"PCOS symptoms can vary but often include menstrual irregularities, fertility problems, excess hair growth, acne, and metabolic issues like insulin resistance."},"timestamp":"2025-01-28T13:13:56.094Z"}
{"level":"info","message":"Chat processed what are pcos symptoms","response":{"intent":"symptoms","message":"Key signs of PCOS may include missed or irregular periods, excess androgens leading to acne and hair growth, weight management issues, and insulin resistance."},"timestamp":"2025-01-28T13:13:56.740Z"}
{"level":"info","message":"Chat processed what are pcos symptoms","response":{"intent":"symptoms","message":"PCOS symptoms can vary but often include menstrual irregularities, fertility problems, excess hair growth, acne, and metabolic issues like insulin resistance."},"timestamp":"2025-01-28T13:13:57.557Z"}
{"_message":"PCOSAnalysis validation failed","errors":{"bmi":{"kind":"required","message":"Path `bmi` is required.","name":"ValidatorError","path":"bmi","properties":{"message":"Path `bmi` is required.","path":"bmi","type":"required"}}},"level":"error","message":"Analysis error: PCOSAnalysis validation failed: bmi: Path `bmi` is required.","stack":"ValidationError: PCOSAnalysis validation failed: bmi: Path `bmi` is required.\n    at Document.invalidate (/home/ec2-user/mm/server/node_modules/mongoose/lib/document.js:3219:32)\n    at /home/ec2-user/mm/server/node_modules/mongoose/lib/document.js:3012:17\n    at /home/ec2-user/mm/server/node_modules/mongoose/lib/schematype.js:1368:9\n    at process.processTicksAndRejections (node:internal/process/task_queues:77:11)","timestamp":"2025-01-28T13:14:12.233Z"}
{"_message":"PCOSAnalysis validation failed","errors":{"bmi":{"kind":"required","message":"Path `bmi` is required.","name":"ValidatorError","path":"bmi","properties":{"message":"Path `bmi` is required.","path":"bmi","type":"required"}}},"level":"error","message":"Analysis error: PCOSAnalysis validation failed: bmi: Path `bmi` is required.","stack":"ValidationError: PCOSAnalysis validation failed: bmi: Path `bmi` is required.\n    at Document.invalidate (/home/ec2-user/mm/server/node_modules/mongoose/lib/document.js:3219:32)\n    at /home/ec2-user/mm/server/node_modules/mongoose/lib/document.js:3012:17\n    at /home/ec2-user/mm/server/node_modules/mongoose/lib/schematype.js:1368:9\n    at process.processTicksAndRejections (node:internal/process/task_queues:77:11)","timestamp":"2025-01-28T13:14:24.286Z"}
{"_message":"PCOSAnalysis validation failed","errors":{"bmi":{"kind":"required","message":"Path `bmi` is required.","name":"ValidatorError","path":"bmi","properties":{"message":"Path `bmi` is required.","path":"bmi","type":"required"}}},"level":"error","message":"Analysis error: PCOSAnalysis validation failed: bmi: Path `bmi` is required.","stack":"ValidationError: PCOSAnalysis validation failed: bmi: Path `bmi` is required.\n    at Document.invalidate (/home/ec2-user/mm/server/node_modules/mongoose/lib/document.js:3219:32)\n    at /home/ec2-user/mm/server/node_modules/mongoose/lib/document.js:3012:17\n    at /home/ec2-user/mm/server/node_modules/mongoose/lib/schematype.js:1368:9\n    at process.processTicksAndRejections (node:internal/process/task_queues:77:11)","timestamp":"2025-01-28T13:14:30.102Z"}
{"level":"error","message":"Analysis error: ML service error","stack":"Error: ML service error\n    at /home/ec2-user/mm/server/server.js:97:13\n    at process.processTicksAndRejections (node:internal/process/task_queues:95:5)","timestamp":"2025-01-28T13:15:29.556Z"}
{"level":"error","message":"Analysis error: ML service error","stack":"Error: ML service error\n    at /home/ec2-user/mm/server/server.js:97:13\n    at process.processTicksAndRejections (node:internal/process/task_queues:95:5)","timestamp":"2025-01-28T13:15:39.075Z"}
{"level":"info","message":"Server running on port 5000","timestamp":"2025-01-28T13:16:54.108Z"}
{"level":"info","message":"Connected to MongoDB","timestamp":"2025-01-28T13:16:54.155Z"}
{"analysisId":"6798d8cf1f6a296af8c52c08","level":"info","message":"Analysis saved","timestamp":"2025-01-28T13:17:03.686Z"}
{"analysisId":"6798d8d31f6a296af8c52c0a","level":"info","message":"Analysis saved","timestamp":"2025-01-28T13:17:07.268Z"}
{"analysisId":"6798d8db1f6a296af8c52c0c","level":"info","message":"Analysis saved","timestamp":"2025-01-28T13:17:15.267Z"}
{"level":"error","message":"Analysis error: ML service error","stack":"Error: ML service error\n    at /home/ec2-user/mm/server/server.js:103:13\n    at process.processTicksAndRejections (node:internal/process/task_queues:95:5)","timestamp":"2025-01-28T13:17:18.429Z"}
{"level":"info","message":"Chat processed helo","response":{"intent":"greeting","message":"Hi there! I'm here to help you understand PCOS better. What would you like to know?"},"timestamp":"2025-01-28T13:17:44.121Z"}
{"analysisId":"6798d9181f6a296af8c52c10","level":"info","message":"Analysis saved","timestamp":"2025-01-28T13:18:16.582Z"}
{"analysisId":"6798d9221f6a296af8c52c12","level":"info","message":"Analysis saved","timestamp":"2025-01-28T13:18:26.097Z"}
{"level":"info","message":"Server running on port 5000","timestamp":"2025-01-28T13:31:44.692Z"}
{"level":"info","message":"Connected to MongoDB","timestamp":"2025-01-28T13:31:44.715Z"}
{"level":"info","message":"Server running on port 5000","timestamp":"2025-01-29T08:58:41.405Z"}
{"level":"info","message":"Connected to MongoDB","timestamp":"2025-01-29T08:58:41.432Z"}
{"age":48,"cycle":28,"hairGrowth":false,"hairLoss":true,"height":158,"level":"info","message":"Received analysis request:","pimples":false,"skinDarkening":true,"timestamp":"2025-01-29T08:59:14.671Z","weight":71}
{"level":"info","message":"ML service response:","probability":0.4,"risk":40,"risk_level":"Low","timestamp":"2025-01-29T08:59:14.681059"}
{"id":"6799ede28e2bcb3f91f92837","level":"info","message":"Analysis saved","timestamp":"2025-01-29T08:59:14.703Z"}
{"level":"info","message":"Chat processed pcos","response":{"intent":"pcos_definition","message":"Polycystic Ovary Syndrome (PCOS) is a condition where the ovaries produce an abnormal amount of androgens, male sex hormones that are usually present in women in small amounts."},"timestamp":"2025-01-29T08:59:26.625Z"}
{"level":"info","message":"Chat processed diet","response":{"intent":"diet","message":"A PCOS-friendly diet typically includes: 1) High-fiber foods 2) Lean proteins 3) Anti-inflammatory foods 4) Limited processed foods and sugars 5) Plenty of vegetables and fruits."},"timestamp":"2025-01-29T08:59:30.270Z"}
{"level":"info","message":"Chat processed medicines","response":{"intent":"greeting","message":"Hello! I'm your PCOS assistant. How can I help you today?"},"timestamp":"2025-01-29T08:59:38.488Z"}
{"level":"info","message":"Chat processed symptoms","response":{"intent":"symptoms","message":"Key signs of PCOS may include missed or irregular periods, excess androgens leading to acne and hair growth, weight management issues, and insulin resistance."},"timestamp":"2025-01-29T09:00:57.262Z"}
{"level":"info","message":"Chat processed symptoms","response":{"intent":"symptoms","message":"Key signs of PCOS may include missed or irregular periods, excess androgens leading to acne and hair growth, weight management issues, and insulin resistance."},"timestamp":"2025-01-29T09:01:06.915Z"}
{"level":"info","message":"Chat processed diet","response":{"intent":"diet","message":"For PCOS management, focus on: whole grains, lean proteins, healthy fats, and lots of vegetables. Limit refined carbohydrates, sugary foods, and processed foods. Consider working with a registered dietitian."},"timestamp":"2025-01-29T09:01:17.279Z"}
{"age":48,"cycle":30,"hairGrowth":false,"hairLoss":true,"height":158,"level":"info","message":"Received analysis request:","pimples":false,"skinDarkening":true,"timestamp":"2025-01-29T09:01:44.237Z","weight":71}
{"level":"info","message":"ML service response:","probability":0.4,"risk":40,"risk_level":"Low","timestamp":"2025-01-29T09:01:44.249034"}
{"id":"6799ee788e2bcb3f91f92845","level":"info","message":"Analysis saved","timestamp":"2025-01-29T09:01:44.271Z"}
{"age":45,"cycle":30,"hairGrowth":false,"hairLoss":true,"height":158,"level":"info","message":"Received analysis request:","pimples":false,"skinDarkening":true,"timestamp":"2025-01-29T09:01:53.401Z","weight":65}
{"level":"info","message":"ML service response:","probability":0.5,"risk":50,"risk_level":"Medium","timestamp":"2025-01-29T09:01:53.405763"}
{"id":"6799ee818e2bcb3f91f92847","level":"info","message":"Analysis saved","timestamp":"2025-01-29T09:01:53.412Z"}
{"age":25,"cycle":28,"hairGrowth":true,"hairLoss":true,"height":168,"level":"info","message":"Received analysis request:","pimples":true,"skinDarkening":true,"timestamp":"2025-01-29T09:17:05.911Z","weight":73}
{"level":"info","message":"ML service response:","probability":0.7,"risk":70,"risk_level":"Medium","timestamp":"2025-01-29T09:17:05.915276"}
{"id":"6799f2118e2bcb3f91f92849","level":"info","message":"Analysis saved","timestamp":"2025-01-29T09:17:05.923Z"}
{"level":"info","message":"Chat processed what is pcos","response":{"intent":"pcos_definition","message":"PCOS is a complex hormonal condition that affects about 1 in 10 women. It can impact various aspects of health, including fertility, metabolism, and appearance."},"timestamp":"2025-01-29T10:06:40.012Z"}
{"level":"info","message":"Chat processed diet","response":{"intent":"diet","message":"Dietary recommendations for PCOS include: balancing carbohydrates with proteins, choosing low-glycemic foods, eating regular meals, and staying hydrated. This helps manage insulin levels and reduce symptoms."},"timestamp":"2025-01-29T10:06:43.451Z"}
{"age":34,"cycle":28,"hairGrowth":true,"hairLoss":false,"height":150,"level":"info","message":"Received analysis request:","pimples":true,"skinDarkening":true,"timestamp":"2025-01-29T10:07:07.937Z","weight":61}
{"level":"info","message":"ML service response:","probability":0.6,"risk":60,"risk_level":"Medium","timestamp":"2025-01-29T10:07:07.947095"}
{"id":"6799fdcb8e2bcb3f91f9284f","level":"info","message":"Analysis saved","timestamp":"2025-01-29T10:07:07.955Z"}
{"level":"info","message":"Chat processed PCOS","response":{"intent":"pcos_definition","message":"PCOS (Polycystic Ovary Syndrome) is a hormonal disorder common among women of reproductive age. It affects how the ovaries work and can cause irregular periods, excess androgen levels, and small cysts on the ovaries."},"timestamp":"2025-01-29T10:17:31.077Z"}
{"level":"info","message":"Chat processed Symptoms","response":{"intent":"symptoms","message":"Common PCOS symptoms include: irregular periods, excess facial and body hair, acne, weight gain, difficulty getting pregnant, thinning hair on the head, and dark skin patches."},"timestamp":"2025-01-29T10:18:27.645Z"}
{"level":"info","message":"Chat processed Diet","response":{"intent":"diet","message":"A PCOS-friendly diet typically includes: 1) High-fiber foods 2) Lean proteins 3) Anti-inflammatory foods 4) Limited processed foods and sugars 5) Plenty of vegetables and fruits."},"timestamp":"2025-01-29T10:18:50.689Z"}
{"age":28,"cycle":28,"hairGrowth":false,"hairLoss":true,"height":160,"level":"info","message":"Received analysis request:","pimples":false,"skinDarkening":false,"timestamp":"2025-01-29T10:19:57.805Z","weight":70}
{"level":"info","message":"ML service response:","probability":0.4,"risk":40,"risk_level":"Low","timestamp":"2025-01-29T10:19:57.809290"}
{"id":"679a00cd8e2bcb3f91f92857","level":"info","message":"Analysis saved","timestamp":"2025-01-29T10:19:57.820Z"}
